bin start	omega	hist_DD	hist_DR	hist_RR
0.000000	2.105742	2021076	369439	1159582
0.250000	1.526541	3623338	1101569	2697227
0.500000	1.179696	4398386	1831760	4089503
0.750000	0.971814	4933310	2541354	5300512
1.000000	0.847540	5515318	3247218	6422150
1.250000	0.779220	6265388	3962431	7516403
1.500000	0.732308	7044826	4660314	8501568
1.750000	0.695036	7822438	5354504	9465294
2.000000	0.659031	8583034	6056007	10349861
2.250000	0.620994	9246380	6746873	11206593
2.500000	0.595564	9924923	7402781	12067776
2.750000	0.567619	10596442	8083753	12884605
3.000000	0.540512	11209272	8744884	13668467
3.250000	0.512919	11765890	9401481	14447433
3.500000	0.486886	12331355	10064419	15196400
3.750000	0.466575	12977316	10738378	15933721
4.000000	0.453732	13650832	11367272	16628658
4.250000	0.441474	14365661	12017713	17313004
4.500000	0.424494	14976897	12649112	17934342
4.750000	0.411063	15575556	13246322	18536926
5.000000	0.401405	16291625	13883973	19172092
5.250000	0.391845	16972326	14502905	19786868
5.500000	0.383122	17675137	15129835	20400367
5.750000	0.376252	18379750	15734973	20986342
6.000000	0.371170	19033869	16294744	21556876
6.250000	0.359984	19608492	16877150	22102281
6.500000	0.350761	20234556	17456806	22609636
6.750000	0.342447	20824938	18027109	23160540
7.000000	0.331433	21395710	18617098	23690214
7.250000	0.319235	21928449	19214591	24238504
7.500000	0.302563	22367618	19805933	24725158
7.750000	0.283244	22678428	20359652	25170167
8.000000	0.268802	23098297	20936949	25677869
8.250000	0.255306	23529701	21499997	26145374
8.500000	0.242022	23991373	22073323	26590835
8.750000	0.234583	24540271	22605570	27006032
9.000000	0.224187	25145463	23215289	27435900
9.250000	0.222880	25931674	23783174	27839557
9.500000	0.223118	26703137	24325268	28250612
9.750000	0.225914	27519948	24847645	28647129
10.000000	0.224420	28149808	25351513	29079157
10.250000	0.210724	28492096	25870337	29455583
10.500000	0.193106	28739446	26413226	29851505
10.750000	0.170331	28798944	26929388	30204599
11.000000	0.157360	29137279	27425691	30516130
11.250000	0.152808	29753870	27964336	30895933
11.500000	0.148523	30384627	28469788	31186940
11.750000	0.144771	31042244	28992199	31502865
12.000000	0.141420	31735567	29542697	31854729
12.250000	0.137473	32273226	30010282	32169830
12.500000	0.129833	32815141	30541351	32485223
12.750000	0.122857	33309716	31021431	32757663
13.000000	0.115013	33783893	31505273	33024962
13.250000	0.106520	34166158	31974627	33333813
13.500000	0.106173	34761291	32428504	33670612
13.750000	0.097534	35139933	32885041	33940502
14.000000	0.083942	35435714	33384249	34203912
14.250000	0.080042	35953941	33824414	34452539
14.500000	0.074914	36500759	34316344	34734006
14.750000	0.071754	36972139	34728745	34996488
15.000000	0.062226	37247189	35158390	35263934
15.250000	0.053863	37631873	35616100	35513165
15.500000	0.050462	38081248	36037666	35800665
15.750000	0.041178	38366581	36473805	36066173
16.000000	0.026829	38554665	36949383	36318490
16.250000	0.017365	38720452	37316032	36546254
16.500000	0.018017	39310412	37706538	36765055
16.750000	0.016986	39793698	38090234	37015501
17.000000	0.009247	40031648	38451667	37215806
17.250000	-0.000721	40381069	38922303	37436530
17.500000	-0.005673	40733973	39307578	37667500
17.750000	-0.003938	41251492	39631549	37862507
18.000000	-0.008186	41607449	39958140	37997795
18.250000	-0.005530	42172112	40299345	38215239
18.500000	0.000024	42823946	40623969	38424904
18.750000	-0.005634	43177951	40988815	38582304
19.000000	-0.011603	43550344	41355992	38712453
19.250000	-0.025487	43686773	41780385	38882992
19.500000	-0.031755	43916407	42125938	39094034
19.750000	-0.032178	44410284	42460624	39248022
20.000000	-0.029032	44947805	42743790	39396038
20.250000	-0.028559	45272359	42967724	39534053
20.500000	-0.033010	45472827	43204647	39628354
20.750000	-0.037237	45633046	43449013	39783542
21.000000	-0.042842	45846290	43737050	39917652
21.250000	-0.045964	46266218	44049334	39994152
21.500000	-0.041087	46797850	44307644	40167085
21.750000	-0.040170	47295116	44612509	40310630
22.000000	-0.035399	47928412	44911200	40461698
22.250000	-0.035022	48306098	45140976	40555521
22.500000	-0.032120	48674736	45322287	40663728
22.750000	-0.030906	48982756	45522355	40800963
23.000000	-0.034216	49070068	45672314	40875961
23.250000	-0.035779	49174354	45808042	40975643
23.500000	-0.037494	49380536	45997077	41073607
23.750000	-0.040234	49333769	46084656	41178761
24.000000	-0.040987	49292071	46125782	41268057
24.250000	-0.037570	49287326	46085054	41330005
24.500000	-0.041051	49063895	46089835	41415610
24.750000	-0.037655	49067668	46060018	41490045
25.000000	-0.026969	49346404	46024698	41581577
25.250000	-0.019158	49724286	46097780	41672909
25.500000	-0.011224	50025245	46108931	41724287
25.750000	-0.006247	50354301	46193068	41770890
26.000000	-0.005077	50500761	46261188	41809333
26.250000	-0.001470	50615125	46289379	41902044
26.500000	0.003667	50985552	46383787	41935820
26.750000	0.003971	51082017	46471823	42028543
27.000000	0.001823	50919471	46452490	42062189
27.250000	0.005860	50970425	46386516	42049020
27.500000	0.016941	51014016	46197916	42094962
27.750000	0.022183	51058710	46147659	42172098
28.000000	0.030069	51301006	46120037	42208208
28.250000	0.036619	51432388	46063566	42241597
28.500000	0.042181	51497482	46008193	42303297
28.750000	0.039544	51420680	46054186	42362899
29.000000	0.037710	51406770	46091970	42375122
29.250000	0.032286	51304741	46188867	42443308
29.500000	0.030237	51268829	46213059	42440573
29.750000	0.029961	51305201	46242485	42451666
30.000000	0.025173	51152850	46279734	42475853
30.250000	0.025088	51038361	46249387	42527338
30.500000	0.023078	51038992	46295262	42533112
30.750000	0.019669	51004806	46341827	42515068
31.000000	0.020145	51029411	46347296	42521798
31.250000	0.023143	51130713	46320992	42494708
31.500000	0.024031	51070919	46279149	42508920
31.750000	0.018304	51135077	46411264	42464744
32.000000	0.016040	51211562	46487158	42443536
32.250000	0.016057	51294965	46518278	42422766
32.500000	0.010426	51175110	46557563	42381883
32.750000	0.003208	50963606	46602540	42377416
33.000000	0.003151	50990310	46604629	42352385
33.250000	0.007566	51215537	46629825	42364660
33.500000	0.001447	51154382	46708517	42323902
33.750000	0.004013	51238693	46696401	42323963
34.000000	0.001898	51298352	46725197	42232196
34.250000	0.003337	51485100	46784593	42224993
34.500000	0.006602	51713432	46809601	42184281
34.750000	-0.000470	51512955	46843337	42153888
35.000000	-0.008453	51242092	46830144	42062651
35.250000	-0.014390	51007503	46825127	42037844
35.500000	-0.019772	50831247	46814421	41967798
35.750000	-0.024192	50740582	46834301	41914022
36.000000	-0.027189	50592406	46805871	41880658
36.250000	-0.029090	50468933	46752096	41818747
36.500000	-0.031522	50151870	46618171	41767876
36.750000	-0.032516	49893702	46476713	41703693
37.000000	-0.043767	49448377	46467767	41663660
37.250000	-0.054248	49044891	46455783	41609464
37.500000	-0.060264	48866474	46459813	41549214
37.750000	-0.058095	48911471	46412916	41503246
38.000000	-0.056022	48955747	46350943	41425401
38.250000	-0.049197	48913805	46124744	41303667
38.500000	-0.053470	48664715	46054317	41238872
38.750000	-0.056029	48303129	45897758	41184836
39.000000	-0.054279	48143164	45730539	41087695
39.250000	-0.057879	47983207	45688957	41020498
39.500000	-0.059133	47893320	45622654	40931583
39.750000	-0.058000	47659895	45424959	40822332
40.000000	-0.060439	47434750	45304860	40714246
40.250000	-0.061052	47173242	45139117	40624758
40.500000	-0.059955	47032520	45022786	40580092
40.750000	-0.062042	46690438	44853293	40503255
41.000000	-0.059730	46422451	44645300	40451936
41.250000	-0.063232	46162341	44544944	40374574
41.500000	-0.060283	46001914	44338754	40249234
41.750000	-0.050163	46165638	44161044	40142781
42.000000	-0.035575	46314721	43905998	40071733
42.250000	-0.028448	46350404	43729755	39971966
42.500000	-0.028179	46107549	43546082	39861368
42.750000	-0.022880	45913968	43285429	39747478
43.000000	-0.016674	45705291	43004081	39641898
43.250000	-0.016887	45512654	42867465	39554324
43.500000	-0.011270	45443702	42658931	39429792
43.750000	-0.003714	45538488	42509339	39334086
44.000000	-0.004158	45328506	42349258	39207005
44.250000	-0.005719	45004909	42159518	39090563
44.500000	-0.009459	44584708	41960263	38967229
44.750000	-0.011531	44392670	41844714	38848796
45.000000	-0.010228	44287177	41692175	38701351
45.250000	-0.009598	44152373	41513674	38505384
45.500000	-0.009193	43890426	41320236	38397070
45.750000	-0.003479	43912879	41139495	38233084
46.000000	0.003278	43850275	40931970	38138677
46.250000	0.007291	43856931	40800436	38021168
46.500000	0.002774	43674709	40718242	37866820
46.750000	-0.001198	43334731	40553305	37726701
47.000000	-0.008109	42878328	40374643	37566347
47.250000	-0.007777	42615668	40159274	37411919
47.500000	-0.008331	42370998	39970439	37259478
47.750000	-0.002445	42213369	39733743	37163252
48.000000	-0.005976	41931761	39583071	37013199
48.250000	-0.010234	41495922	39366326	36859518
48.500000	-0.015036	41108565	39174314	36688428
48.750000	-0.013969	40842933	38931476	36510028
49.000000	-0.007769	40601044	38637325	36390891
49.250000	-0.010142	40167737	38392310	36249259
49.500000	-0.011316	39698697	38093673	36080381
49.750000	-0.013402	39197887	37820000	35960170
50.000000	-0.016548	38784220	37589691	35802686
50.250000	-0.022488	38404696	37413964	35622176
50.500000	-0.028385	38014119	37235740	35451082
50.750000	-0.035431	37467544	37000974	35284247
51.000000	-0.035169	37105499	36741254	35141141
51.250000	-0.033104	36832965	36474418	34958585
51.500000	-0.034101	36682190	36335033	34801121
51.750000	-0.036081	36253615	36069383	34635455
52.000000	-0.035998	35865022	35793621	34480971
52.250000	-0.043359	35428781	35623294	34329324
52.500000	-0.049700	34979149	35397947	34120941
52.750000	-0.058340	34523736	35224439	33944810
53.000000	-0.065625	34061858	35025253	33772333
53.250000	-0.069680	33674382	34806061	33596724
53.500000	-0.079545	33073205	34575716	33419849
53.750000	-0.090421	32499674	34357327	33211916
54.000000	-0.094630	32176756	34179350	33054026
54.250000	-0.097798	31823071	33956010	32873930
54.500000	-0.096590	31536820	33688268	32682863
54.750000	-0.103361	30973775	33388271	32448819
55.000000	-0.112729	30362010	33140972	32280932
55.250000	-0.118933	29698922	32821332	32123244
55.500000	-0.125063	29069560	32482040	31904467
55.750000	-0.129490	28576751	32227271	31764603
56.000000	-0.142244	28022764	32032627	31554097
56.250000	-0.153893	27494521	31826107	31335398
56.500000	-0.159374	27015242	31571668	31161720
56.750000	-0.166417	26561100	31351626	30985628
57.000000	-0.171079	26074426	31064955	30788256
57.250000	-0.177445	25589918	30810938	30601812
57.500000	-0.182147	25144893	30527647	30377272
57.750000	-0.182971	24844674	30250806	30141843
58.000000	-0.182654	24489393	29939567	29923990
58.250000	-0.183040	24092675	29610010	29692444
58.500000	-0.176836	23785712	29221056	29448786
58.750000	-0.168275	23483030	28832193	29257970
59.000000	-0.166312	23053828	28467779	29050315
59.250000	-0.161662	22593854	28025463	28801032
59.500000	-0.160825	22243698	27721347	28599474
59.750000	-0.161897	21931476	27457100	28386966
60.000000	-0.163509	21608685	27205858	28193195
60.250000	-0.168458	21136694	26906809	27965853
60.500000	-0.170728	20746929	26619923	27754452
60.750000	-0.164990	20525162	26317443	27562232
61.000000	-0.165140	20362196	26113979	27349301
61.250000	-0.166835	20100779	25884486	27140244
61.500000	-0.168290	19817658	25647938	26943837
61.750000	-0.170522	19575606	25442625	26748453
62.000000	-0.176442	19218017	25205784	26515159
62.250000	-0.179016	18824568	24938968	26338367
62.500000	-0.185322	18411593	24703057	26148609
62.750000	-0.191866	17939083	24418811	25924517
63.000000	-0.191247	17675524	24143987	25697815
63.250000	-0.181695	17525624	23821551	25486667
63.500000	-0.177846	17325442	23556562	25289967
63.750000	-0.174877	17068903	23291145	25120403
64.000000	-0.172557	16860204	23032187	24906393
64.250000	-0.167556	16609294	22728259	24707355
64.500000	-0.162046	16480794	22456046	24466589
64.750000	-0.166314	16226374	22246199	24235344
65.000000	-0.173708	15871748	22024935	24007776
65.250000	-0.175706	15532296	21747374	23783544
65.500000	-0.178324	15250934	21522427	23587676
65.750000	-0.176762	14974386	21234277	23364264
66.000000	-0.175978	14627354	20930256	23157890
66.250000	-0.181141	14333621	20679095	22880057
66.500000	-0.177472	13985318	20331248	22656311
66.750000	-0.166663	13708902	19928202	22412217
67.000000	-0.160151	13422019	19551933	22136638
67.250000	-0.159636	13095263	19224622	21863734
67.500000	-0.158979	12765364	18915723	21627727
67.750000	-0.153736	12542724	18605035	21380401
68.000000	-0.151705	12290353	18339918	21176845
68.250000	-0.150034	12025330	18043638	20922820
68.500000	-0.144314	11764856	17733454	20712897
68.750000	-0.142703	11556378	17466082	20456572
69.000000	-0.135686	11363163	17161706	20217072
69.250000	-0.129592	11051675	16828904	20012661
69.500000	-0.116568	10651609	16369156	19780890
69.750000	-0.102160	10325977	15948997	19572494
70.000000	-0.095704	10044826	15607550	19321170
70.250000	-0.086916	9852310	15294541	19078533
70.500000	-0.078832	9610580	14978598	18859857
70.750000	-0.074743	9329227	14661525	18603359
71.000000	-0.067678	9150651	14389354	18383875
71.250000	-0.062303	8991457	14136520	18150735
71.500000	-0.061459	8827496	13912141	17896866
71.750000	-0.053023	8680408	13645206	17672937
72.000000	-0.048981	8524864	13395525	17413275
72.250000	-0.048468	8337411	13178607	17186787
72.500000	-0.046257	8165504	12946664	16944041
72.750000	-0.030403	8040369	12627734	16707153
73.000000	-0.025771	7851530	12369726	16463643
73.250000	-0.023435	7629039	12103498	16198356
73.500000	-0.023096	7348616	11832546	15948135
73.750000	-0.013674	7079844	11515420	15735821
74.000000	-0.009091	6825888	11227193	15487704
74.250000	-0.002318	6643429	10962761	15246753
74.500000	0.010496	6463346	10667167	15028722
74.750000	0.011342	6256194	10433285	14777991
75.000000	0.018258	6092175	10158126	14488613
75.250000	0.022226	5871611	9910162	14265782
75.500000	0.024845	5679636	9671266	14011000
75.750000	0.020756	5527843	9485060	13727194
76.000000	0.021636	5343426	9277717	13504179
76.250000	0.026054	5161914	9020971	13224585
76.500000	0.044109	5028223	8716387	12976948
76.750000	0.056091	4893516	8470521	12763442
77.000000	0.065420	4797760	8250548	12522557
77.250000	0.075350	4716087	8029209	12266619
77.500000	0.083133	4617958	7805686	11990189
77.750000	0.079236	4476604	7640862	11734955
78.000000	0.085077	4339688	7429325	11497100
78.250000	0.099113	4262227	7195136	11242309
78.500000	0.106075	4136934	6971892	10970552
78.750000	0.107891	4007439	6793321	10737702
79.000000	0.106196	3871724	6612841	10465332
79.250000	0.109106	3716304	6399448	10194915
79.500000	0.105459	3571424	6225046	9925386
79.750000	0.100938	3426780	6061780	9673168
80.000000	0.097682	3344889	5931192	9439571
80.250000	0.088256	3265627	5818440	9181586
80.500000	0.075962	3153852	5697031	8917605
80.750000	0.062609	3022476	5578497	8677829
81.000000	0.047627	2882571	5473567	8467859
81.250000	0.032379	2758300	5357376	8222693
81.500000	0.012291	2651456	5262491	7971503
81.750000	-0.007531	2567100	5176871	7728439
82.000000	-0.021988	2474289	5062604	7486307
82.250000	-0.042923	2342059	4938578	7224976
82.500000	-0.050263	2202976	4764319	6975077
82.750000	-0.040220	2108770	4552393	6725514
83.000000	-0.046115	2013906	4410129	6506315
83.250000	-0.039509	1951351	4241986	6284336
83.500000	-0.041444	1832897	4063804	6044212
83.750000	-0.022920	1711118	3816825	5789831
84.000000	-0.015247	1631213	3633740	5551619
84.250000	-0.002945	1540558	3429888	5303599
84.500000	0.012021	1427705	3220023	5073327
84.750000	0.045061	1333911	2983467	4851645
85.000000	0.055974	1232304	2803902	4634934
85.250000	0.046406	1118325	2656670	4399162
85.500000	0.040258	1020128	2515317	4178734
85.750000	0.040062	928808	2369432	3969064
86.000000	0.045627	855039	2211691	3738941
86.250000	0.039664	770815	2056243	3479688
86.500000	0.048620	679212	1885391	3249563
86.750000	0.032817	604851	1746499	2986143
87.000000	0.030151	533727	1605720	2760959
87.250000	0.065582	474582	1425237	2542643
87.500000	0.111753	421197	1230200	2295760
87.750000	0.104150	370004	1106136	2056448
88.000000	0.073407	319729	1004150	1822343
88.250000	0.023948	262702	886672	1547706
88.500000	0.000896	203431	744694	1287110
88.750000	0.022922	145447	590935	1060737
89.000000	0.106026	90449	415383	828119
89.250000	0.211414	41366	255805	596313
89.500000	0.350226	13488	124329	361926
89.750000	0.491067	1882	34427	131593
90.000000	-nan	0	0	0
90.250000	-nan	0	0	0
90.500000	-nan	0	0	0
90.750000	-nan	0	0	0
91.000000	-nan	0	0	0
91.250000	-nan	0	0	0
91.500000	-nan	0	0	0
91.750000	-nan	0	0	0
92.000000	-nan	0	0	0
92.250000	-nan	0	0	0
92.500000	-nan	0	0	0
92.750000	-nan	0	0	0
93.000000	-nan	0	0	0
93.250000	-nan	0	0	0
93.500000	-nan	0	0	0
93.750000	-nan	0	0	0
94.000000	-nan	0	0	0
94.250000	-nan	0	0	0
94.500000	-nan	0	0	0
94.750000	-nan	0	0	0
95.000000	-nan	0	0	0
95.250000	-nan	0	0	0
95.500000	-nan	0	0	0
95.750000	-nan	0	0	0
96.000000	-nan	0	0	0
96.250000	-nan	0	0	0
96.500000	-nan	0	0	0
96.750000	-nan	0	0	0
97.000000	-nan	0	0	0
97.250000	-nan	0	0	0
97.500000	-nan	0	0	0
97.750000	-nan	0	0	0
98.000000	-nan	0	0	0
98.250000	-nan	0	0	0
98.500000	-nan	0	0	0
98.750000	-nan	0	0	0
99.000000	-nan	0	0	0
99.250000	-nan	0	0	0
99.500000	-nan	0	0	0
99.750000	-nan	0	0	0
100.000000	-nan	0	0	0
100.250000	-nan	0	0	0
100.500000	-nan	0	0	0
100.750000	-nan	0	0	0
101.000000	-nan	0	0	0
101.250000	-nan	0	0	0
101.500000	-nan	0	0	0
101.750000	-nan	0	0	0
102.000000	-nan	0	0	0
102.250000	-nan	0	0	0
102.500000	-nan	0	0	0
102.750000	-nan	0	0	0
103.000000	-nan	0	0	0
103.250000	-nan	0	0	0
103.500000	-nan	0	0	0
103.750000	-nan	0	0	0
104.000000	-nan	0	0	0
104.250000	-nan	0	0	0
104.500000	-nan	0	0	0
104.750000	-nan	0	0	0
105.000000	-nan	0	0	0
105.250000	-nan	0	0	0
105.500000	-nan	0	0	0
105.750000	-nan	0	0	0
106.000000	-nan	0	0	0
106.250000	-nan	0	0	0
106.500000	-nan	0	0	0
106.750000	-nan	0	0	0
107.000000	-nan	0	0	0
107.250000	-nan	0	0	0
107.500000	-nan	0	0	0
107.750000	-nan	0	0	0
108.000000	-nan	0	0	0
108.250000	-nan	0	0	0
108.500000	-nan	0	0	0
108.750000	-nan	0	0	0
109.000000	-nan	0	0	0
109.250000	-nan	0	0	0
109.500000	-nan	0	0	0
109.750000	-nan	0	0	0
110.000000	-nan	0	0	0
110.250000	-nan	0	0	0
110.500000	-nan	0	0	0
110.750000	-nan	0	0	0
111.000000	-nan	0	0	0
111.250000	-nan	0	0	0
111.500000	-nan	0	0	0
111.750000	-nan	0	0	0
112.000000	-nan	0	0	0
112.250000	-nan	0	0	0
112.500000	-nan	0	0	0
112.750000	-nan	0	0	0
113.000000	-nan	0	0	0
113.250000	-nan	0	0	0
113.500000	-nan	0	0	0
113.750000	-nan	0	0	0
114.000000	-nan	0	0	0
114.250000	-nan	0	0	0
114.500000	-nan	0	0	0
114.750000	-nan	0	0	0
115.000000	-nan	0	0	0
115.250000	-nan	0	0	0
115.500000	-nan	0	0	0
115.750000	-nan	0	0	0
116.000000	-nan	0	0	0
116.250000	-nan	0	0	0
116.500000	-nan	0	0	0
116.750000	-nan	0	0	0
117.000000	-nan	0	0	0
117.250000	-nan	0	0	0
117.500000	-nan	0	0	0
117.750000	-nan	0	0	0
118.000000	-nan	0	0	0
118.250000	-nan	0	0	0
118.500000	-nan	0	0	0
118.750000	-nan	0	0	0
119.000000	-nan	0	0	0
119.250000	-nan	0	0	0
119.500000	-nan	0	0	0
119.750000	-nan	0	0	0
120.000000	-nan	0	0	0
120.250000	-nan	0	0	0
120.500000	-nan	0	0	0
120.750000	-nan	0	0	0
121.000000	-nan	0	0	0
121.250000	-nan	0	0	0
121.500000	-nan	0	0	0
121.750000	-nan	0	0	0
122.000000	-nan	0	0	0
122.250000	-nan	0	0	0
122.500000	-nan	0	0	0
122.750000	-nan	0	0	0
123.000000	-nan	0	0	0
123.250000	-nan	0	0	0
123.500000	-nan	0	0	0
123.750000	-nan	0	0	0
124.000000	-nan	0	0	0
124.250000	-nan	0	0	0
124.500000	-nan	0	0	0
124.750000	-nan	0	0	0
125.000000	-nan	0	0	0
125.250000	-nan	0	0	0
125.500000	-nan	0	0	0
125.750000	-nan	0	0	0
126.000000	-nan	0	0	0
126.250000	-nan	0	0	0
126.500000	-nan	0	0	0
126.750000	-nan	0	0	0
127.000000	-nan	0	0	0
127.250000	-nan	0	0	0
127.500000	-nan	0	0	0
127.750000	-nan	0	0	0
128.000000	-nan	0	0	0
128.250000	-nan	0	0	0
128.500000	-nan	0	0	0
128.750000	-nan	0	0	0
129.000000	-nan	0	0	0
129.250000	-nan	0	0	0
129.500000	-nan	0	0	0
129.750000	-nan	0	0	0
130.000000	-nan	0	0	0
130.250000	-nan	0	0	0
130.500000	-nan	0	0	0
130.750000	-nan	0	0	0
131.000000	-nan	0	0	0
131.250000	-nan	0	0	0
131.500000	-nan	0	0	0
131.750000	-nan	0	0	0
132.000000	-nan	0	0	0
132.250000	-nan	0	0	0
132.500000	-nan	0	0	0
132.750000	-nan	0	0	0
133.000000	-nan	0	0	0
133.250000	-nan	0	0	0
133.500000	-nan	0	0	0
133.750000	-nan	0	0	0
134.000000	-nan	0	0	0
134.250000	-nan	0	0	0
134.500000	-nan	0	0	0
134.750000	-nan	0	0	0
135.000000	-nan	0	0	0
135.250000	-nan	0	0	0
135.500000	-nan	0	0	0
135.750000	-nan	0	0	0
136.000000	-nan	0	0	0
136.250000	-nan	0	0	0
136.500000	-nan	0	0	0
136.750000	-nan	0	0	0
137.000000	-nan	0	0	0
137.250000	-nan	0	0	0
137.500000	-nan	0	0	0
137.750000	-nan	0	0	0
138.000000	-nan	0	0	0
138.250000	-nan	0	0	0
138.500000	-nan	0	0	0
138.750000	-nan	0	0	0
139.000000	-nan	0	0	0
139.250000	-nan	0	0	0
139.500000	-nan	0	0	0
139.750000	-nan	0	0	0
140.000000	-nan	0	0	0
140.250000	-nan	0	0	0
140.500000	-nan	0	0	0
140.750000	-nan	0	0	0
141.000000	-nan	0	0	0
141.250000	-nan	0	0	0
141.500000	-nan	0	0	0
141.750000	-nan	0	0	0
142.000000	-nan	0	0	0
142.250000	-nan	0	0	0
142.500000	-nan	0	0	0
142.750000	-nan	0	0	0
143.000000	-nan	0	0	0
143.250000	-nan	0	0	0
143.500000	-nan	0	0	0
143.750000	-nan	0	0	0
144.000000	-nan	0	0	0
144.250000	-nan	0	0	0
144.500000	-nan	0	0	0
144.750000	-nan	0	0	0
145.000000	-nan	0	0	0
145.250000	-nan	0	0	0
145.500000	-nan	0	0	0
145.750000	-nan	0	0	0
146.000000	-nan	0	0	0
146.250000	-nan	0	0	0
146.500000	-nan	0	0	0
146.750000	-nan	0	0	0
147.000000	-nan	0	0	0
147.250000	-nan	0	0	0
147.500000	-nan	0	0	0
147.750000	-nan	0	0	0
148.000000	-nan	0	0	0
148.250000	-nan	0	0	0
148.500000	-nan	0	0	0
148.750000	-nan	0	0	0
149.000000	-nan	0	0	0
149.250000	-nan	0	0	0
149.500000	-nan	0	0	0
149.750000	-nan	0	0	0
150.000000	-nan	0	0	0
150.250000	-nan	0	0	0
150.500000	-nan	0	0	0
150.750000	-nan	0	0	0
151.000000	-nan	0	0	0
151.250000	-nan	0	0	0
151.500000	-nan	0	0	0
151.750000	-nan	0	0	0
152.000000	-nan	0	0	0
152.250000	-nan	0	0	0
152.500000	-nan	0	0	0
152.750000	-nan	0	0	0
153.000000	-nan	0	0	0
153.250000	-nan	0	0	0
153.500000	-nan	0	0	0
153.750000	-nan	0	0	0
154.000000	-nan	0	0	0
154.250000	-nan	0	0	0
154.500000	-nan	0	0	0
154.750000	-nan	0	0	0
155.000000	-nan	0	0	0
155.250000	-nan	0	0	0
155.500000	-nan	0	0	0
155.750000	-nan	0	0	0
156.000000	-nan	0	0	0
156.250000	-nan	0	0	0
156.500000	-nan	0	0	0
156.750000	-nan	0	0	0
157.000000	-nan	0	0	0
157.250000	-nan	0	0	0
157.500000	-nan	0	0	0
157.750000	-nan	0	0	0
158.000000	-nan	0	0	0
158.250000	-nan	0	0	0
158.500000	-nan	0	0	0
158.750000	-nan	0	0	0
159.000000	-nan	0	0	0
159.250000	-nan	0	0	0
159.500000	-nan	0	0	0
159.750000	-nan	0	0	0
160.000000	-nan	0	0	0
160.250000	-nan	0	0	0
160.500000	-nan	0	0	0
160.750000	-nan	0	0	0
161.000000	-nan	0	0	0
161.250000	-nan	0	0	0
161.500000	-nan	0	0	0
161.750000	-nan	0	0	0
162.000000	-nan	0	0	0
162.250000	-nan	0	0	0
162.500000	-nan	0	0	0
162.750000	-nan	0	0	0
163.000000	-nan	0	0	0
163.250000	-nan	0	0	0
163.500000	-nan	0	0	0
163.750000	-nan	0	0	0
164.000000	-nan	0	0	0
164.250000	-nan	0	0	0
164.500000	-nan	0	0	0
164.750000	-nan	0	0	0
165.000000	-nan	0	0	0
165.250000	-nan	0	0	0
165.500000	-nan	0	0	0
165.750000	-nan	0	0	0
166.000000	-nan	0	0	0
166.250000	-nan	0	0	0
166.500000	-nan	0	0	0
166.750000	-nan	0	0	0
167.000000	-nan	0	0	0
167.250000	-nan	0	0	0
167.500000	-nan	0	0	0
167.750000	-nan	0	0	0
168.000000	-nan	0	0	0
168.250000	-nan	0	0	0
168.500000	-nan	0	0	0
168.750000	-nan	0	0	0
169.000000	-nan	0	0	0
169.250000	-nan	0	0	0
169.500000	-nan	0	0	0
169.750000	-nan	0	0	0
170.000000	-nan	0	0	0
170.250000	-nan	0	0	0
170.500000	-nan	0	0	0
170.750000	-nan	0	0	0
171.000000	-nan	0	0	0
171.250000	-nan	0	0	0
171.500000	-nan	0	0	0
171.750000	-nan	0	0	0
172.000000	-nan	0	0	0
172.250000	-nan	0	0	0
172.500000	-nan	0	0	0
172.750000	-nan	0	0	0
173.000000	-nan	0	0	0
173.250000	-nan	0	0	0
173.500000	-nan	0	0	0
173.750000	-nan	0	0	0
174.000000	-nan	0	0	0
174.250000	-nan	0	0	0
174.500000	-nan	0	0	0
174.750000	-nan	0	0	0
175.000000	-nan	0	0	0
175.250000	-nan	0	0	0
175.500000	-nan	0	0	0
175.750000	-nan	0	0	0
176.000000	-nan	0	0	0
176.250000	-nan	0	0	0
176.500000	-nan	0	0	0
176.750000	-nan	0	0	0
177.000000	-nan	0	0	0
177.250000	-nan	0	0	0
177.500000	-nan	0	0	0
177.750000	-nan	0	0	0
178.000000	-nan	0	0	0
178.250000	-nan	0	0	0
178.500000	-nan	0	0	0
178.750000	-nan	0	0	0
179.000000	-nan	0	0	0
179.250000	-nan	0	0	0
179.500000	-nan	0	0	0
179.750000	-nan	0	0	0
